[debug] [2025-12-22T17:39:05.806Z] ----------------------------------------------------------------------
[debug] [2025-12-22T17:39:05.809Z] Command:       C:\Program Files\nodejs\node.exe C:\Users\simpr\AppData\Roaming\npm\node_modules\firebase-tools\lib\bin\firebase.js init hosting
[debug] [2025-12-22T17:39:05.809Z] CLI Version:   14.19.1
[debug] [2025-12-22T17:39:05.809Z] Platform:      win32
[debug] [2025-12-22T17:39:05.809Z] Node Version:  v22.18.0
[debug] [2025-12-22T17:39:05.810Z] Time:          Mon Dec 22 2025 12:39:05 GMT-0500 (Eastern Standard Time)
[debug] [2025-12-22T17:39:05.810Z] ----------------------------------------------------------------------
[debug] 
[debug] [2025-12-22T17:39:05.812Z] >>> [apiv2][query] GET https://firebase-public.firebaseio.com/cli.json [none]
[info] 
     ######## #### ########  ######## ########     ###     ######  ########
     ##        ##  ##     ## ##       ##     ##  ##   ##  ##       ##
     ######    ##  ########  ######   ########  #########  ######  ######
     ##        ##  ##    ##  ##       ##     ## ##     ##       ## ##
     ##       #### ##     ## ######## ########  ##     ##  ######  ########

You're about to initialize a Firebase project in this directory:

  C:\Developer\war_witch_portal_gateway_universe

Before we get started, keep in mind:

  * You are currently outside your home directory

[debug] [2025-12-22T17:39:06.017Z] <<< [apiv2][status] GET https://firebase-public.firebaseio.com/cli.json 200
[debug] [2025-12-22T17:39:06.017Z] <<< [apiv2][body] GET https://firebase-public.firebaseio.com/cli.json {"cloudBuildErrorAfter":1594252800000,"cloudBuildWarnAfter":1590019200000,"defaultNode10After":1594252800000,"minVersion":"3.0.5","node8DeploysDisabledAfter":1613390400000,"node8RuntimeDisabledAfter":1615809600000,"node8WarnAfter":1600128000000}
[info] 
=== Project Setup
[info] 
[info] First, let's associate this project directory with a Firebase project.
[info] You can create multiple project aliases by running firebase use --add, 
[info] 
[debug] [2025-12-22T17:39:10.439Z] > command requires scopes: ["email","openid","https://www.googleapis.com/auth/cloudplatformprojects.readonly","https://www.googleapis.com/auth/firebase","https://www.googleapis.com/auth/cloud-platform"]
[debug] [2025-12-22T17:39:10.439Z] > authorizing via signed-in user (ollymiser54@gmail.com)
[debug] [2025-12-22T17:39:10.440Z] Checked if tokens are valid: false, expires at: 1766425992364
[debug] [2025-12-22T17:39:10.440Z] Checked if tokens are valid: false, expires at: 1766425992364
[debug] [2025-12-22T17:39:10.440Z] > refreshing access token with scopes: []
[debug] [2025-12-22T17:39:10.442Z] >>> [apiv2][query] POST https://www.googleapis.com/oauth2/v3/token [none]
[debug] [2025-12-22T17:39:10.442Z] >>> [apiv2][body] POST https://www.googleapis.com/oauth2/v3/token [omitted]
[debug] [2025-12-22T17:39:10.658Z] <<< [apiv2][status] POST https://www.googleapis.com/oauth2/v3/token 200
[debug] [2025-12-22T17:39:10.658Z] <<< [apiv2][body] POST https://www.googleapis.com/oauth2/v3/token [omitted]
[debug] [2025-12-22T17:39:10.665Z] >>> [apiv2][query] GET https://firebase.googleapis.com/v1beta1/projects/crypto-card-clash-hq3kj [none]
[debug] [2025-12-22T17:39:11.007Z] <<< [apiv2][status] GET https://firebase.googleapis.com/v1beta1/projects/crypto-card-clash-hq3kj 403
[debug] [2025-12-22T17:39:11.007Z] <<< [apiv2][body] GET https://firebase.googleapis.com/v1beta1/projects/crypto-card-clash-hq3kj {"error":{"code":403,"message":"The caller does not have permission","status":"PERMISSION_DENIED"}}
[debug] [2025-12-22T17:39:11.008Z] Request to https://firebase.googleapis.com/v1beta1/projects/crypto-card-clash-hq3kj had HTTP Error: 403, The caller does not have permission
[debug] [2025-12-22T17:39:11.141Z] FirebaseError: Request to https://firebase.googleapis.com/v1beta1/projects/crypto-card-clash-hq3kj had HTTP Error: 403, The caller does not have permission
    at responseToError (C:\Users\simpr\AppData\Roaming\npm\node_modules\firebase-tools\lib\responseToError.js:52:12)
    at RetryOperation._fn (C:\Users\simpr\AppData\Roaming\npm\node_modules\firebase-tools\lib\apiv2.js:312:77)
    at process.processTicksAndRejections (node:internal/process/task_queues:105:5)
[error] 
[error] Error: Failed to get Firebase project crypto-card-clash-hq3kj. Please make sure the project exists and your account has permission to access it.
